Started by user [8mha:////4Gca9mBWBzd/lg33yTkXSgpnBvzEk6UZc4sfjxDCmGChAAAAmR+LCAAAAAAAAP9b85aBtbiIQTGjNKU4P08vOT+vOD8nVc83PyU1x6OyILUoJzMv2y+/JJUBAhiZGBgqihhk0NSjKDWzXb3RdlLBUSYGJk8GtpzUvPSSDB8G5tKinBIGIZ+sxLJE/ZzEvHT94JKizLx0a6BxUmjGOUNodHsLgAzuEgZe/dLi1CL9pMycxBxDYwBvIV7qwgAAAA==[0mbilal fethi
Obtained Jenkinsfile from git https://gitlab.com/bifethi/findbugsmdp.git
org.codehaus.groovy.control.MultipleCompilationErrorsException: startup failed:
WorkflowScript: 34: Unknown stage section "echo". Starting with version 0.5, steps in a stage must be in a â€˜stepsâ€™ block. @ line 34, column 9.
           stage('send email 01') {
           ^

WorkflowScript: 34: Unknown stage section "emailext". Starting with version 0.5, steps in a stage must be in a â€˜stepsâ€™ block. @ line 34, column 9.
           stage('send email 01') {
           ^

WorkflowScript: 43: Unknown stage section "echo". Starting with version 0.5, steps in a stage must be in a â€˜stepsâ€™ block. @ line 43, column 9.
           stage('send email') {
           ^

WorkflowScript: 43: Unknown stage section "emailext". Starting with version 0.5, steps in a stage must be in a â€˜stepsâ€™ block. @ line 43, column 9.
           stage('send email') {
           ^

WorkflowScript: 34: Expected one of "steps", "stages", or "parallel" for stage "send email 01" @ line 34, column 9.
           stage('send email 01') {
           ^

WorkflowScript: 43: Expected one of "steps", "stages", or "parallel" for stage "send email" @ line 43, column 9.
           stage('send email') {
           ^

6 errors

	at org.codehaus.groovy.control.ErrorCollector.failIfErrors(ErrorCollector.java:309)
	at org.codehaus.groovy.control.CompilationUnit.applyToPrimaryClassNodes(CompilationUnit.java:1107)
	at org.codehaus.groovy.control.CompilationUnit.doPhaseOperation(CompilationUnit.java:624)
	at org.codehaus.groovy.control.CompilationUnit.processPhaseOperations(CompilationUnit.java:602)
	at org.codehaus.groovy.control.CompilationUnit.compile(CompilationUnit.java:579)
	at groovy.lang.GroovyClassLoader.doParseClass(GroovyClassLoader.java:323)
	at groovy.lang.GroovyClassLoader.parseClass(GroovyClassLoader.java:293)
	at org.jenkinsci.plugins.scriptsecurity.sandbox.groovy.GroovySandbox$Scope.parse(GroovySandbox.java:163)
	at org.jenkinsci.plugins.workflow.cps.CpsGroovyShell.doParse(CpsGroovyShell.java:190)
	at org.jenkinsci.plugins.workflow.cps.CpsGroovyShell.reparse(CpsGroovyShell.java:175)
	at org.jenkinsci.plugins.workflow.cps.CpsFlowExecution.parseScript(CpsFlowExecution.java:635)
	at org.jenkinsci.plugins.workflow.cps.CpsFlowExecution.start(CpsFlowExecution.java:581)
	at org.jenkinsci.plugins.workflow.job.WorkflowRun.run(WorkflowRun.java:335)
	at hudson.model.ResourceController.execute(ResourceController.java:101)
	at hudson.model.Executor.run(Executor.java:442)
[withMaven] downstreamPipelineTriggerRunListener - Failure to introspect build steps: java.io.IOException: repportByMail #10 did not yet start
[withMaven] downstreamPipelineTriggerRunListener - Failure to introspect build steps: java.io.IOException: repportByMail #10 did not yet start
Finished: FAILURE
